<?xml version="1.0" encoding="UTF-8"?>
<!-- Generated by org.testng.reporters.JUnitReportReporter -->
<testsuite hostname="Muhammads-MacBook-Air-151.local" failures="0" tests="1" name="pagesTest.ForgotUserIdTest" time="16.019" errors="0" timestamp="2024-09-16T18:23:15 EDT" skipped="0">
  <testcase classname="pagesTest.ForgotUserIdTest" name="navigateToForgotUserIdPageTest" time="16.019">
    <system-out>
      <![CDATA[Sleeping ... zZz 4000<br>
[[ChromeDriver: chrome on mac (7215e784d343a3a4388f76335b8b899f)] -> id: cms-forgot-userid]<---------> is Displayed, true<br>
[[ChromeDriver: chrome on mac (7215e784d343a3a4388f76335b8b899f)] -> id: cms-forgot-userid]<-------> has been clicked<br>
Sleeping ... zZz 4000<br>
Actual Title is : CMS Enterprise Portal - Forgot User ID ---> And Expected Title is :CMS Enterprise Portal - Forgot User ID<br>
Current URL : https://portal.cms.gov/portal/forgotuserid, Expected URL : https://portal.cms.gov/portal/forgotuserid<br>]]>
    </system-out>
  </testcase> <!-- navigateToForgotUserIdPageTest -->
  <system-out>
    <![CDATA[Sleeping ... zZz 4000<br>
[[ChromeDriver: chrome on mac (7215e784d343a3a4388f76335b8b899f)] -> id: cms-forgot-userid]<---------> is Displayed, true<br>
[[ChromeDriver: chrome on mac (7215e784d343a3a4388f76335b8b899f)] -> id: cms-forgot-userid]<-------> has been clicked<br>
Sleeping ... zZz 4000<br>
Actual Title is : CMS Enterprise Portal - Forgot User ID ---> And Expected Title is :CMS Enterprise Portal - Forgot User ID<br>
Current URL : https://portal.cms.gov/portal/forgotuserid, Expected URL : https://portal.cms.gov/portal/forgotuserid<br>]]>
  </system-out>
</testsuite> <!-- pagesTest.ForgotUserIdTest -->
